<?xml version="1.0" encoding="UTF-8"?>
<!-- Generated by org.testng.reporters.JUnitReportReporter -->
<testsuite hostname="DMPCPC0Q1BL3" failures="0" tests="3" name="EmployeeAPITest" time="9.795" errors="0" timestamp="03 Oct 2019 16:56:43 GMT" skipped="0">
  <testcase classname="EmployeeAPITest" name="positiveScenario" time="6.956"/>
  <testcase classname="EmployeeAPITest" name="negativeScenarioDeleteBeforeSearching" time="2.288"/>
  <testcase classname="EmployeeAPITest" name="negativeScenarioGetEmployeeWithIncorrectID" time="0.551"/>
</testsuite> <!-- EmployeeAPITest -->
