<?xml version="1.0" encoding="UTF-8"?>
<!-- Generated by org.testng.reporters.JUnitReportReporter -->
<testsuite hostname="DMPCPC0Q1BL3" failures="0" tests="3" name="EmployeeAPITest" time="11.052" errors="0" timestamp="03 Oct 2019 15:30:03 GMT" skipped="0">
  <testcase classname="EmployeeAPITest" name="positiveScenario" time="6.880"/>
  <testcase classname="EmployeeAPITest" name="negativeScenarioDeleteBeforeSearching" time="3.481"/>
  <testcase classname="EmployeeAPITest" name="negativeScenarioGetEmployeeWithIncorrectID" time="0.691"/>
</testsuite> <!-- EmployeeAPITest -->
