<?xml version="1.0" encoding="UTF-8" ?>
<testsuite tests="3" failures="0" name="TestSuite" time="10.342" errors="0" skipped="0">
  <properties>
    <property name="java.vendor" value="Oracle Corporation"/>
    <property name="env.SYSTEMROOT" value="C:\windows"/>
    <property name="localRepository" value="C:\Users\yashrajsinhmahida\.m2\repository"/>
    <property name="env.USERDOMAIN_ROAMINGPROFILE" value="DMPCPC0Q1BL3"/>
    <property name="sun.java.launcher" value="SUN_STANDARD"/>
    <property name="sun.management.compiler" value="HotSpot 64-Bit Tiered Compilers"/>
    <property name="env.ONEDRIVE" value="C:\Users\yashrajsinhmahida\OneDrive"/>
    <property name="env.PROMPT" value="$P$G"/>
    <property name="env.WDIR" value="C:\"/>
    <property name="os.name" value="Windows 10"/>
    <property name="env.COMPUTERNAME" value="DMPCPC0Q1BL3"/>
    <property name="env.ALLUSERSPROFILE" value="C:\ProgramData"/>
    <property name="sun.desktop" value="windows"/>
    <property name="java.vm.specification.vendor" value="Oracle Corporation"/>
    <property name="java.runtime.version" value="9.0.1+11"/>
    <property name="env.HOMEPATH" value="\Users\yashrajsinhmahida"/>
    <property name="user.name" value="yashrajsinhmahida"/>
    <property name="maven.build.version" value="Apache Maven 3.5.3 (3383c37e1f9e9b3bc3df5050c29c8aff9f295297; 2018-02-24T14:49:05-05:00)"/>
    <property name="env.PYTHON_HOME" value="C:\Users\yashrajsinhmahida\Anaconda2"/>
    <property name="env.PATH" value="C:\Program Files (x86)\Common Files\Oracle\Java\javapath;C:\Program Files\Java\jdk-9.0.1\bin;C:\windows\system32;C:\windows;C:\windows\System32\Wbem;C:\windows\System32\WindowsPowerShell\v1.0\;C:\Program Files\Git\cmd;C:\Users\yashrajsinhmahida\Anaconda2;C:\Program Files\ApacheMaven\apache-maven-3.5.3\bin;C:\Program Files\nodejs\;C:\Program Files\PuTTY\;C:\Program Files\Intel\WiFi\bin\;C:\Program Files\Common Files\Intel\WirelessCommon\;C:\Program Files (x86)\Intel\Intel(R) Management Engine Components\DAL;C:\Program Files\Intel\Intel(R) Management Engine Components\DAL;C:\Users\yashrajsinhmahida\AppData\Local\Android\Sdk\tools\bin;C:\Users\yashrajsinhmahida\AppData\Local\Android\Sdk\tools;C:\Users\yashrajsinhmahida\AppData\Local\Android\Sdk\platform-tools;C:\Users\yashrajsinhmahida\AppData\Local\Microsoft\WindowsApps;C:\Users\yashrajsinhmahida\AppData\Local\Programs\Fiddler;C:\Program Files\nodejs\;C:\Program Files\mongodb\Server\4.0\bin;;C:\Program Files\JetBrains\WebStorm 2019.1\bin;;C:\Users\yashrajsinhmahida\AppData\Roaming\npm;C:\Program Files\Intel\WiFi\bin\;C:\Program Files\Common Files\Intel\WirelessCommon\"/>
    <property name="user.language" value="en"/>
    <property name="env.JVMCONFIG" value="\.mvn\jvm.config"/>
    <property name="env.WINDIR" value="C:\windows"/>
    <property name="sun.boot.library.path" value="C:\Program Files\Java\jdk-9.0.1\bin"/>
    <property name="classworlds.conf" value="C:\Program Files\ApacheMaven\apache-maven-3.5.3\bin\..\bin\m2.conf"/>
    <property name="java.vm.compressedOopsMode" value="Zero based"/>
    <property name="java.version" value="9.0.1"/>
    <property name="env.PROCESSOR_IDENTIFIER" value="Intel64 Family 6 Model 94 Stepping 3, GenuineIntel"/>
    <property name="java.net.preferIPv4Stack" value="true"/>
    <property name="user.timezone" value="America/New_York"/>
    <property name="env.TEMP" value="C:\Users\YASHRA~1\AppData\Local\Temp"/>
    <property name="sun.arch.data.model" value="64"/>
    <property name="env.EXEC_DIR" value="C:\Users\yashrajsinhmahida\GitFolder\Newfolder\AbacusInsightsCodingChallenge"/>
    <property name="file.encoding.pkg" value="sun.io"/>
    <property name="sun.cpu.isalist" value="amd64"/>
    <property name="env.HOMEDRIVE" value="C:"/>
    <property name="sun.jnu.encoding" value="Cp1252"/>
    <property name="env.SYSTEMDRIVE" value="C:"/>
    <property name="maven.conf" value="C:\Program Files\ApacheMaven\apache-maven-3.5.3\bin\../conf"/>
    <property name="file.separator" value="\"/>
    <property name="java.specification.name" value="Java Platform API Specification"/>
    <property name="env.JAVACMD" value="C:\Program Files\Java\jdk-9.0.1\bin\java.exe"/>
    <property name="java.class.version" value="53.0"/>
    <property name="env.HOOPS_LICENSE_KEY" value="c480f7b0c8c5d9481972b65e5bb8%;feae791a3ea8364138cf2d013afcdba1c5161243159cce85783736b215543765278a49565401db0f07d7a21c7c8e79b7e332b480902bcbaca254b0728a1312b970b35c5f62ba9daa4739dc50e3a32e93b9be312778f2db4fa3083142a5a0de18b12616a6e748ba5d0daf5493279a73406f200e%;d0b9"/>
    <property name="env.PLINK_HOME" value="C:\Users\yashrajsinhmahida\Downloads\plink.exe"/>
    <property name="user.country" value="US"/>
    <property name="java.home" value="C:\Program Files\Java\jdk-9.0.1"/>
    <property name="env.ANDROID_HOME" value="C:\Users\yashrajsinhmahida\AppData\Local\Android\Sdk"/>
    <property name="env.APPDATA" value="C:\Users\yashrajsinhmahida\AppData\Roaming"/>
    <property name="java.vm.info" value="mixed mode"/>
    <property name="env.PUBLIC" value="C:\Users\Public"/>
    <property name="env.OS" value="Windows_NT"/>
    <property name="os.version" value="10.0"/>
    <property name="env.GIT_HOME" value="C:\Program Files\Git\bin\"/>
    <property name="env.=::" value="::\"/>
    <property name="path.separator" value=";"/>
    <property name="java.vm.version" value="9.0.1+11"/>
    <property name="env.ASL.LOG" value="Destination=file"/>
    <property name="user.variant" value=""/>
    <property name="env.USERPROFILE" value="C:\Users\yashrajsinhmahida"/>
    <property name="env.JAVA_HOME" value="C:\Program Files\Java\jdk-9.0.1"/>
    <property name="java.awt.printerjob" value="sun.awt.windows.WPrinterJob"/>
    <property name="env.TMP" value="C:\Users\YASHRA~1\AppData\Local\Temp"/>
    <property name="env.PROGRAMFILES" value="C:\Program Files"/>
    <property name="sun.io.unicode.encoding" value="UnicodeLittle"/>
    <property name="env.WEBSTORM" value="C:\Program Files\JetBrains\WebStorm 2019.1\bin;"/>
    <property name="awt.toolkit" value="sun.awt.windows.WToolkit"/>
    <property name="sun.stdout.encoding" value="cp437"/>
    <property name="user.script" value=""/>
    <property name="user.home" value="C:\Users\yashrajsinhmahida"/>
    <property name="env.COMMONPROGRAMFILES" value="C:\Program Files\Common Files"/>
    <property name="env.=EXITCODE" value="00000000"/>
    <property name="env.SESSIONNAME" value="Console"/>
    <property name="java.specification.vendor" value="Oracle Corporation"/>
    <property name="env.M2_HOME" value="C:\Program Files\ApacheMaven\apache-maven-3.5.3"/>
    <property name="library.jansi.path" value="C:\Program Files\ApacheMaven\apache-maven-3.5.3\bin\..\lib\jansi-native"/>
    <property name="env.NUMBER_OF_PROCESSORS" value="8"/>
    <property name="java.library.path" value="C:\Program Files\Java\jdk-9.0.1\bin;C:\windows\Sun\Java\bin;C:\windows\system32;C:\windows;C:\Program Files (x86)\Common Files\Oracle\Java\javapath;C:\Program Files\Java\jdk-9.0.1\bin;C:\windows\system32;C:\windows;C:\windows\System32\Wbem;C:\windows\System32\WindowsPowerShell\v1.0\;C:\Program Files\Git\cmd;C:\Users\yashrajsinhmahida\Anaconda2;C:\Program Files\ApacheMaven\apache-maven-3.5.3\bin;C:\Program Files\nodejs\;C:\Program Files\PuTTY\;C:\Program Files\Intel\WiFi\bin\;C:\Program Files\Common Files\Intel\WirelessCommon\;C:\Program Files (x86)\Intel\Intel(R) Management Engine Components\DAL;C:\Program Files\Intel\Intel(R) Management Engine Components\DAL;C:\Users\yashrajsinhmahida\AppData\Local\Android\Sdk\tools\bin;C:\Users\yashrajsinhmahida\AppData\Local\Android\Sdk\tools;C:\Users\yashrajsinhmahida\AppData\Local\Android\Sdk\platform-tools;C:\Users\yashrajsinhmahida\AppData\Local\Microsoft\WindowsApps;C:\Users\yashrajsinhmahida\AppData\Local\Programs\Fiddler;C:\Program Files\nodejs\;C:\Program Files\mongodb\Server\4.0\bin;;C:\Program Files\JetBrains\WebStorm 2019.1\bin;;C:\Users\yashrajsinhmahida\AppData\Roaming\npm;C:\Program Files\Intel\WiFi\bin\;C:\Program Files\Common Files\Intel\WirelessCommon\;."/>
    <property name="java.vendor.url" value="http://java.oracle.com/"/>
    <property name="env.COMMONPROGRAMFILES(X86)" value="C:\Program Files (x86)\Common Files"/>
    <property name="env.CLASSWORLDS_LAUNCHER" value="org.codehaus.plexus.classworlds.launcher.Launcher"/>
    <property name="env.PSMODULEPATH" value="C:\Program Files\WindowsPowerShell\Modules;C:\windows\system32\WindowsPowerShell\v1.0\Modules"/>
    <property name="env.MAVEN_CMD_LINE_ARGS" value="test"/>
    <property name="java.vm.vendor" value="Oracle Corporation"/>
    <property name="java.runtime.name" value="Java(TM) SE Runtime Environment"/>
    <property name="maven.home" value="C:\Program Files\ApacheMaven\apache-maven-3.5.3\bin\.."/>
    <property name="java.class.path" value="C:\Program Files\ApacheMaven\apache-maven-3.5.3\bin\..\boot\plexus-classworlds-2.5.2.jar"/>
    <property name="sun.java.command" value="org.codehaus.plexus.classworlds.launcher.Launcher test"/>
    <property name="env.PROGRAMW6432" value="C:\Program Files"/>
    <property name="maven.version" value="3.5.3"/>
    <property name="jdk.debug" value="release"/>
    <property name="env.PROGRAMFILES(X86)" value="C:\Program Files (x86)"/>
    <property name="java.vm.specification.name" value="Java Virtual Machine Specification"/>
    <property name="env.LOGONSERVER" value="\\DMPCPC0Q1BL3"/>
    <property name="java.vm.specification.version" value="9"/>
    <property name="env.PROCESSOR_ARCHITECTURE" value="AMD64"/>
    <property name="env.COMMONPROGRAMW6432" value="C:\Program Files\Common Files"/>
    <property name="sun.cpu.endian" value="little"/>
    <property name="sun.os.patch.level" value=""/>
    <property name="surefire.test.class.path" value="C:\Users\yashrajsinhmahida\GitFolder\Newfolder\AbacusInsightsCodingChallenge\target\test-classes;C:\Users\yashrajsinhmahida\GitFolder\Newfolder\AbacusInsightsCodingChallenge\target\classes;C:\Users\yashrajsinhmahida\.m2\repository\junit\junit\4.10\junit-4.10.jar;C:\Users\yashrajsinhmahida\.m2\repository\org\hamcrest\hamcrest-core\1.1\hamcrest-core-1.1.jar;C:\Users\yashrajsinhmahida\.m2\repository\org\testng\testng\6.14.3\testng-6.14.3.jar;C:\Users\yashrajsinhmahida\.m2\repository\com\beust\jcommander\1.72\jcommander-1.72.jar;C:\Users\yashrajsinhmahida\.m2\repository\org\apache-extras\beanshell\bsh\2.0b6\bsh-2.0b6.jar;C:\Users\yashrajsinhmahida\.m2\repository\log4j\log4j\1.2.16\log4j-1.2.16.jar;C:\Users\yashrajsinhmahida\.m2\repository\io\rest-assured\rest-assured\4.1.2\rest-assured-4.1.2.jar;C:\Users\yashrajsinhmahida\.m2\repository\org\codehaus\groovy\groovy\2.5.8\groovy-2.5.8.jar;C:\Users\yashrajsinhmahida\.m2\repository\org\codehaus\groovy\groovy-xml\2.5.8\groovy-xml-2.5.8.jar;C:\Users\yashrajsinhmahida\.m2\repository\org\apache\httpcomponents\httpclient\4.5.3\httpclient-4.5.3.jar;C:\Users\yashrajsinhmahida\.m2\repository\org\apache\httpcomponents\httpcore\4.4.6\httpcore-4.4.6.jar;C:\Users\yashrajsinhmahida\.m2\repository\commons-logging\commons-logging\1.2\commons-logging-1.2.jar;C:\Users\yashrajsinhmahida\.m2\repository\org\apache\httpcomponents\httpmime\4.5.3\httpmime-4.5.3.jar;C:\Users\yashrajsinhmahida\.m2\repository\org\hamcrest\hamcrest\2.1\hamcrest-2.1.jar;C:\Users\yashrajsinhmahida\.m2\repository\org\ccil\cowan\tagsoup\tagsoup\1.2.1\tagsoup-1.2.1.jar;C:\Users\yashrajsinhmahida\.m2\repository\io\rest-assured\xml-path\4.1.2\xml-path-4.1.2.jar;C:\Users\yashrajsinhmahida\.m2\repository\io\rest-assured\json-path\4.1.2\json-path-4.1.2.jar;C:\Users\yashrajsinhmahida\.m2\repository\org\codehaus\groovy\groovy-json\2.5.8\groovy-json-2.5.8.jar;C:\Users\yashrajsinhmahida\.m2\repository\io\rest-assured\rest-assured-common\4.1.2\rest-assured-common-4.1.2.jar;C:\Users\yashrajsinhmahida\.m2\repository\io\rest-assured\json-schema-validator\4.1.2\json-schema-validator-4.1.2.jar;C:\Users\yashrajsinhmahida\.m2\repository\com\github\java-json-tools\json-schema-validator\2.2.10\json-schema-validator-2.2.10.jar;C:\Users\yashrajsinhmahida\.m2\repository\com\github\java-json-tools\json-schema-core\1.2.10\json-schema-core-1.2.10.jar;C:\Users\yashrajsinhmahida\.m2\repository\com\github\java-json-tools\jackson-coreutils\1.9\jackson-coreutils-1.9.jar;C:\Users\yashrajsinhmahida\.m2\repository\com\fasterxml\jackson\core\jackson-databind\2.2.3\jackson-databind-2.2.3.jar;C:\Users\yashrajsinhmahida\.m2\repository\com\fasterxml\jackson\core\jackson-annotations\2.2.3\jackson-annotations-2.2.3.jar;C:\Users\yashrajsinhmahida\.m2\repository\com\fasterxml\jackson\core\jackson-core\2.2.3\jackson-core-2.2.3.jar;C:\Users\yashrajsinhmahida\.m2\repository\com\google\guava\guava\16.0.1\guava-16.0.1.jar;C:\Users\yashrajsinhmahida\.m2\repository\com\github\fge\msg-simple\1.1\msg-simple-1.1.jar;C:\Users\yashrajsinhmahida\.m2\repository\com\github\fge\btf\1.2\btf-1.2.jar;C:\Users\yashrajsinhmahida\.m2\repository\com\github\fge\uri-template\0.9\uri-template-0.9.jar;C:\Users\yashrajsinhmahida\.m2\repository\org\mozilla\rhino\1.7.7.1\rhino-1.7.7.1.jar;C:\Users\yashrajsinhmahida\.m2\repository\javax\mail\mailapi\1.4.3\mailapi-1.4.3.jar;C:\Users\yashrajsinhmahida\.m2\repository\joda-time\joda-time\2.9.7\joda-time-2.9.7.jar;C:\Users\yashrajsinhmahida\.m2\repository\com\googlecode\libphonenumber\libphonenumber\8.0.0\libphonenumber-8.0.0.jar;C:\Users\yashrajsinhmahida\.m2\repository\com\google\code\findbugs\jsr305\3.0.1\jsr305-3.0.1.jar;C:\Users\yashrajsinhmahida\.m2\repository\net\sf\jopt-simple\jopt-simple\5.0.3\jopt-simple-5.0.3.jar;C:\Users\yashrajsinhmahida\.m2\repository\io\rest-assured\rest-assured-all\4.1.2\rest-assured-all-4.1.2.jar;C:\Users\yashrajsinhmahida\.m2\repository\org\apache\commons\commons-lang3\3.4\commons-lang3-3.4.jar;C:\Users\yashrajsinhmahida\.m2\repository\javax\xml\bind\jaxb-api\2.3.1\jaxb-api-2.3.1.jar;C:\Users\yashrajsinhmahida\.m2\repository\javax\activation\javax.activation-api\1.2.0\javax.activation-api-1.2.0.jar;C:\Users\yashrajsinhmahida\.m2\repository\com\sun\xml\bind\jaxb-osgi\2.3.0.1\jaxb-osgi-2.3.0.1.jar;C:\Users\yashrajsinhmahida\.m2\repository\org\apache\sling\org.apache.sling.javax.activation\0.1.0\org.apache.sling.javax.activation-0.1.0.jar;C:\Users\yashrajsinhmahida\.m2\repository\javax\activation\activation\1.1.1\activation-1.1.1.jar;C:\Users\yashrajsinhmahida\.m2\repository\com\googlecode\json-simple\json-simple\1.1.1\json-simple-1.1.1.jar;C:\Users\yashrajsinhmahida\.m2\repository\com\relevantcodes\extentreports\2.41.2\extentreports-2.41.2.jar;C:\Users\yashrajsinhmahida\.m2\repository\org\jsoup\jsoup\1.8.3\jsoup-1.8.3.jar;C:\Users\yashrajsinhmahida\.m2\repository\org\xerial\sqlite-jdbc\3.8.11.1\sqlite-jdbc-3.8.11.1.jar;C:\Users\yashrajsinhmahida\.m2\repository\org\freemarker\freemarker\2.3.23\freemarker-2.3.23.jar;C:\Users\yashrajsinhmahida\.m2\repository\org\mongodb\mongodb-driver\3.0.4\mongodb-driver-3.0.4.jar;C:\Users\yashrajsinhmahida\.m2\repository\org\mongodb\bson\3.0.4\bson-3.0.4.jar;C:\Users\yashrajsinhmahida\.m2\repository\org\mongodb\mongodb-driver-core\3.0.4\mongodb-driver-core-3.0.4.jar;C:\Users\yashrajsinhmahida\.m2\repository\org\apache\poi\poi\4.0.0\poi-4.0.0.jar;C:\Users\yashrajsinhmahida\.m2\repository\commons-codec\commons-codec\1.10\commons-codec-1.10.jar;C:\Users\yashrajsinhmahida\.m2\repository\org\apache\commons\commons-collections4\4.2\commons-collections4-4.2.jar;C:\Users\yashrajsinhmahida\.m2\repository\org\apache\poi\poi-ooxml\4.0.0\poi-ooxml-4.0.0.jar;C:\Users\yashrajsinhmahida\.m2\repository\org\apache\poi\poi-ooxml-schemas\4.0.0\poi-ooxml-schemas-4.0.0.jar;C:\Users\yashrajsinhmahida\.m2\repository\org\apache\xmlbeans\xmlbeans\3.0.1\xmlbeans-3.0.1.jar;C:\Users\yashrajsinhmahida\.m2\repository\org\apache\commons\commons-compress\1.18\commons-compress-1.18.jar;C:\Users\yashrajsinhmahida\.m2\repository\com\github\virtuald\curvesapi\1.04\curvesapi-1.04.jar;"/>
    <property name="env.PROCESSOR_REVISION" value="5e03"/>
    <property name="java.io.tmpdir" value="C:\Users\YASHRA~1\AppData\Local\Temp\"/>
    <property name="env.VBOX_USER_HOME" value="C:\Users\yashrajsinhmahida\.VirtualBox"/>
    <property name="maven.multiModuleProjectDirectory" value="C:\Users\yashrajsinhmahida\GitFolder\Newfolder\AbacusInsightsCodingChallenge"/>
    <property name="java.vendor.url.bug" value="http://bugreport.java.com/bugreport/"/>
    <property name="env.COMSPEC" value="C:\windows\system32\cmd.exe"/>
    <property name="env.PROGRAMDATA" value="C:\ProgramData"/>
    <property name="os.arch" value="amd64"/>
    <property name="java.awt.graphicsenv" value="sun.awt.Win32GraphicsEnvironment"/>
    <property name="user.dir" value="C:\Users\yashrajsinhmahida\GitFolder\Newfolder\AbacusInsightsCodingChallenge"/>
    <property name="env.MAVEN_HOME" value="C:\Program Files\ApacheMaven\apache-maven-3.5.3\bin\.."/>
    <property name="env.LOCALAPPDATA" value="C:\Users\yashrajsinhmahida\AppData\Local"/>
    <property name="line.separator" value="
"/>
    <property name="java.vm.name" value="Java HotSpot(TM) 64-Bit Server VM"/>
    <property name="env.CLASSWORLDS_JAR" value="&quot;C:\Program Files\ApacheMaven\apache-maven-3.5.3\bin\..\boot\plexus-classworlds-2.5.2.jar&quot;"/>
    <property name="env.PATHEXT" value=".COM;.EXE;.BAT;.CMD;.VBS;.VBE;.JS;.JSE;.WSF;.WSH;.MSC"/>
    <property name="basedir" value="C:\Users\yashrajsinhmahida\GitFolder\Newfolder\AbacusInsightsCodingChallenge"/>
    <property name="env.ERROR_CODE" value="0"/>
    <property name="env.USERNAME" value="yashrajsinhmahida"/>
    <property name="env._JAVA_OPTIONS" value="-Djava.net.preferIPv4Stack=true"/>
    <property name="sun.stderr.encoding" value="cp437"/>
    <property name="file.encoding" value="Cp1252"/>
    <property name="env.USERDOMAIN" value="DMPCPC0Q1BL3"/>
    <property name="java.specification.version" value="9"/>
    <property name="env.=C:" value="C:\Users\yashrajsinhmahida\GitFolder\Newfolder\AbacusInsightsCodingChallenge"/>
    <property name="env.MAVEN_PROJECTBASEDIR" value="C:\Users\yashrajsinhmahida\GitFolder\Newfolder\AbacusInsightsCodingChallenge"/>
    <property name="env.PROCESSOR_LEVEL" value="6"/>
    <property name="env.VBOX_MSI_INSTALL_PATH" value="C:\Program Files\Desktop Metal Fabricate\virtualbox\"/>
  </properties>
  <testcase classname="EmployeeAPITest" name="positiveScenario" time="6.901"/>
  <testcase classname="EmployeeAPITest" name="negativeScenarioDeleteBeforeSearching" time="2.238"/>
  <testcase classname="EmployeeAPITest" name="negativeScenarioGetEmployeeWithIncorrectID" time="0.349"/>
</testsuite>